// Optimize database connection pooling 1758583492
// Update README with deployment tips 1758583492
// Improve CLI argument validation 1758583492
// Add REST endpoint for health check 1758583492
// Optimize database connection pooling 1758583492
// Improve CLI argument validation 1758583492
// Improve CLI argument validation 1758583492
// Improve CLI argument validation 1758583492
// Improve CLI argument validation 1758583492
// Improve CLI argument validation 1758583619
// Refactor WebSocket message parser 1758583619
// Upgrade dependencies to latest minor versions 1758583619
// Add rate limiting for API endpoints 1758637084
// Add rate limiting for API endpoints 1758637084
// Refactor authentication middleware 1758637084
// Add automated integration tests 1758637084
// Fix race condition in session handler 1758637084
// Update README with deployment tips 1758637084
// Refactor authentication middleware 1758637084
// Fix race condition in session handler 1758637084
// Upgrade dependencies to latest minor versions 1758637084
// Add rate limiting for API endpoints 1758637084
// Improve logging with structured JSON output 1758723336
// Refactor WebSocket message parser 1758723336
// Refactor authentication middleware 1758723336
// Improve CLI argument validation 1758723336
// Upgrade dependencies to latest minor versions 1758723336
// Update README with deployment tips 1758809930
// Upgrade dependencies to latest minor versions 1758809930
// Improve logging with structured JSON output 1758809930
// Enable CORS for specific origins 1758809930
// Improve logging with structured JSON output 1758809930
// Optimize database connection pooling 1758809930
// Add REST endpoint for health check 1758896132
// Refactor WebSocket message parser 1758896132
// Upgrade dependencies to latest minor versions 1758896132
// Add automated integration tests 1758982455
// Update README with deployment tips 1758982455
// Refactor authentication middleware 1758982455
// Improve CLI argument validation 1758982455
// Fix race condition in session handler 1758982455
// Improve error handling for invalid payloads 1758982455
// Refactor WebSocket message parser 1758982455
// Fix race condition in session handler 1758982455
// Enable CORS for specific origins 1758982455
// Improve CLI argument validation 1759068810
// Improve error handling for invalid payloads 1759068810
// Add REST endpoint for health check 1759068810
// Add REST endpoint for health check 1759068811
// Refactor authentication middleware 1759068811
// Add automated integration tests 1759068811
// Update README with deployment tips 1759068811
// Add automated integration tests 1759068811
// Refactor authentication middleware 1759155494
// Fix race condition in session handler 1759155494
// Upgrade dependencies to latest minor versions 1759155494
// Optimize database connection pooling 1759155494
// Improve error handling for invalid payloads 1759155494
// Enable CORS for specific origins 1759155494
// Refactor WebSocket message parser 1759155494
// Refactor authentication middleware 1759155494
// Add REST endpoint for health check 1759241892
// Improve logging with structured JSON output 1759241892
// Improve CLI argument validation 1759241892
// Fix race condition in session handler 1759241892
// Improve logging with structured JSON output 1759328308
// Fix race condition in session handler 1759328308
// Add automated integration tests 1759328308
// Refactor WebSocket message parser 1759328308
// Improve error handling for invalid payloads 1759328308
// Add REST endpoint for health check 1759328308
// Refactor WebSocket message parser 1759328308
// Improve error handling for invalid payloads 1759328308
// Add REST endpoint for health check 1759328308
// Refactor authentication middleware 1759414630
// Optimize database connection pooling 1759414630
// Update README with deployment tips 1759414630
// Refactor WebSocket message parser 1759414630
// Add rate limiting for API endpoints 1759414630
// Add REST endpoint for health check 1759414631
// Add rate limiting for API endpoints 1759414631
// Enable CORS for specific origins 1759414631
// Refactor WebSocket message parser 1759500990
// Refactor authentication middleware 1759500990
// Improve logging with structured JSON output 1759500990
// Add REST endpoint for health check 1759500990
// Add REST endpoint for health check 1759500990
// Upgrade dependencies to latest minor versions 1759500990
// Enable CORS for specific origins 1759500990
// Add rate limiting for API endpoints 1759500990
